<?xml version="1.0" encoding="UTF-8"?>
<!-- Generated by org.testng.reporters.JUnitReportReporter -->
<testsuite hostname="DESKTOP-QQTDRAN" failures="0" tests="2" name="day18TestNGPractise.Example2" time="0.039" errors="0" timestamp="2024-08-24T23:30:19 IST" skipped="0">
  <testcase classname="day18TestNGPractise.Example2" name="testCaseActitime" time="0.029"/>
  <testcase classname="day18TestNGPractise.Example2" name="testCaseOrangeHrm" time="0.010"/>
</testsuite> <!-- day18TestNGPractise.Example2 -->
