<?xml version="1.0" encoding="UTF-8"?>
<!-- Generated by org.testng.reporters.JUnitReportReporter -->
<testsuite hostname="DESKTOP-QQTDRAN" failures="0" tests="4" name="day20AugTestNG.ClassLabelAnnotations" time="0.038" errors="0" timestamp="2024-08-25T15:18:32 IST" skipped="0">
  <testcase classname="day20AugTestNG.ClassLabelAnnotations" name="testCase2" time="0.005"/>
  <testcase classname="day20AugTestNG.ClassLabelAnnotations" name="testCase3" time="0.005"/>
  <testcase classname="day20AugTestNG.ClassLabelAnnotations" name="testCase4" time="0.003"/>
  <testcase classname="day20AugTestNG.ClassLabelAnnotations" name="testCase1" time="0.025"/>
</testsuite> <!-- day20AugTestNG.ClassLabelAnnotations -->
