<?xml version="1.0" encoding="UTF-8"?>
<!-- Generated by org.testng.reporters.JUnitReportReporter -->
<testsuite hostname="DESKTOP-QQTDRAN" failures="0" tests="1" name="day18TestNGPractise.Example1" time="0.020" errors="0" timestamp="2024-08-24T23:25:42 IST" skipped="0">
  <testcase classname="day18TestNGPractise.Example1" name="TC1" time="0.020"/>
</testsuite> <!-- day18TestNGPractise.Example1 -->
