<?xml version="1.0" encoding="UTF-8"?>
<!-- Generated by org.testng.reporters.JUnitReportReporter -->
<testsuite hostname="DESKTOP-QQTDRAN" failures="0" tests="6" name="day18TestNGPractise.Example3" time="0.042" errors="0" timestamp="2024-08-24T23:49:52 IST" skipped="1">
  <testcase classname="day18TestNGPractise.Example3" name="testcaseloginHrm" time="0.022"/>
  <testcase classname="day18TestNGPractise.Example3" name="testPIMCreationOrangeHrm" time="0.004"/>
  <testcase classname="day18TestNGPractise.Example3" name="testPIMCreationOrangeHrm" time="0.008"/>
  <testcase classname="day18TestNGPractise.Example3" name="testPIMDeleteOrangeHrm" time="0.004"/>
  <testcase classname="day18TestNGPractise.Example3" name="testLogoutOrangeHrm" time="0.004"/>
  <testcase classname="day18TestNGPractise.Example3" name="testPIMupdateOrangeHrm">
    <skipped/>
  </testcase> <!-- testPIMupdateOrangeHrm -->
</testsuite> <!-- day18TestNGPractise.Example3 -->
