<?xml version="1.0" encoding="UTF-8"?>
<!-- Generated by org.testng.reporters.JUnitReportReporter -->
<testsuite hostname="DESKTOP-QQTDRAN" failures="0" tests="2" name="day18TestNGPractise.Example5" time="0.027" errors="0" timestamp="2024-08-25T00:06:41 IST" skipped="0">
  <testcase classname="day18TestNGPractise.Example5" name="testActiTime" time="0.019"/>
  <testcase classname="day18TestNGPractise.Example5" name="testOrangeHrm" time="0.008"/>
</testsuite> <!-- day18TestNGPractise.Example5 -->
