<?xml version="1.0" encoding="UTF-8"?>
<!-- Generated by org.testng.reporters.JUnitReportReporter -->
<testsuite hostname="DESKTOP-QQTDRAN" failures="0" tests="1" name="TestNGPractise.NewTest" time="0.022" errors="0" timestamp="2024-08-22T22:37:36 IST" skipped="0">
  <testcase classname="TestNGPractise.NewTest" name="f" time="0.022"/>
</testsuite> <!-- TestNGPractise.NewTest -->
