<?xml version="1.0" encoding="UTF-8"?>
<!-- Generated by org.testng.reporters.JUnitReportReporter -->
<testsuite hostname="DESKTOP-QQTDRAN" failures="0" tests="1" name="day20AugTestNG.AnnotationsList" time="0.014" errors="0" timestamp="2024-08-25T15:16:41 IST" skipped="0">
  <testcase classname="day20AugTestNG.AnnotationsList" name="f5" time="0.014"/>
</testsuite> <!-- day20AugTestNG.AnnotationsList -->
